2022-09-05T12:39:30.137+0200 [DEBUG] [org.gradle.launcher.daemon.bootstrap.DaemonMain] Assuming the daemon was started with following jvm opts: [-XX:MaxMetaspaceSize=256m, -XX:+HeapDumpOnOutOfMemoryError, -Xms256m, -Xmx512m, -Dfile.encoding=UTF-8, -Duser.country=IT, -Duser.language=it, -Duser.variant]
2022-09-05T12:39:30.285+0200 [INFO] [org.gradle.launcher.daemon.server.Daemon] start() called on daemon - DefaultDaemonContext[uid=d5f3ffad-6c57-4e14-b490-123389ab54a1,javaHome=/Library/Java/JavaVirtualMachines/jdk1.8.0_341.jdk/Contents/Home,daemonRegistryDir=/Users/bcsoft/builds/s43SNqVw/0/qagroup6/frutam1new/.gradle/daemon,pid=900,idleTimeout=120000,priority=NORMAL,daemonOpts=-XX:MaxMetaspaceSize=256m,-XX:+HeapDumpOnOutOfMemoryError,-Xms256m,-Xmx512m,-Dfile.encoding=UTF-8,-Duser.country=IT,-Duser.language=it,-Duser.variant]
2022-09-05T12:39:30.312+0200 [DEBUG] [org.gradle.internal.remote.internal.inet.InetAddresses] Adding IP addresses for network interface utun4
2022-09-05T12:39:30.314+0200 [DEBUG] [org.gradle.internal.remote.internal.inet.InetAddresses] Is this a loopback interface? false
2022-09-05T12:39:30.315+0200 [DEBUG] [org.gradle.internal.remote.internal.inet.InetAddresses] Adding remote address /fe80:0:0:0:d409:8992:2433:d3a9%utun4
2022-09-05T12:39:30.315+0200 [DEBUG] [org.gradle.internal.remote.internal.inet.InetAddresses] Adding IP addresses for network interface utun3
2022-09-05T12:39:30.315+0200 [DEBUG] [org.gradle.internal.remote.internal.inet.InetAddresses] Is this a loopback interface? false
2022-09-05T12:39:30.317+0200 [DEBUG] [org.gradle.internal.remote.internal.inet.InetAddresses] Adding remote address /fe80:0:0:0:3853:1f3f:c8d5:f2f3%utun3
2022-09-05T12:39:30.317+0200 [DEBUG] [org.gradle.internal.remote.internal.inet.InetAddresses] Adding IP addresses for network interface utun2
2022-09-05T12:39:30.317+0200 [DEBUG] [org.gradle.internal.remote.internal.inet.InetAddresses] Is this a loopback interface? false
2022-09-05T12:39:30.317+0200 [DEBUG] [org.gradle.internal.remote.internal.inet.InetAddresses] Adding remote address /fe80:0:0:0:ce81:b1c:bd2c:69e%utun2
2022-09-05T12:39:30.318+0200 [DEBUG] [org.gradle.internal.remote.internal.inet.InetAddresses] Adding IP addresses for network interface utun1
2022-09-05T12:39:30.318+0200 [DEBUG] [org.gradle.internal.remote.internal.inet.InetAddresses] Is this a loopback interface? false
2022-09-05T12:39:30.320+0200 [DEBUG] [org.gradle.internal.remote.internal.inet.InetAddresses] Adding remote address /fe80:0:0:0:6755:39b5:be29:f679%utun1
2022-09-05T12:39:30.321+0200 [DEBUG] [org.gradle.internal.remote.internal.inet.InetAddresses] Adding IP addresses for network interface utun0
2022-09-05T12:39:30.322+0200 [DEBUG] [org.gradle.internal.remote.internal.inet.InetAddresses] Is this a loopback interface? false
2022-09-05T12:39:30.322+0200 [DEBUG] [org.gradle.internal.remote.internal.inet.InetAddresses] Adding remote address /fe80:0:0:0:bc04:fbe:ec76:d73b%utun0
2022-09-05T12:39:30.323+0200 [DEBUG] [org.gradle.internal.remote.internal.inet.InetAddresses] Adding IP addresses for network interface llw0
2022-09-05T12:39:30.323+0200 [DEBUG] [org.gradle.internal.remote.internal.inet.InetAddresses] Is this a loopback interface? false
2022-09-05T12:39:30.323+0200 [DEBUG] [org.gradle.internal.remote.internal.inet.InetAddresses] Adding remote address /fe80:0:0:0:dc4d:1cff:fe7a:623c%llw0
2022-09-05T12:39:30.324+0200 [DEBUG] [org.gradle.internal.remote.internal.inet.InetAddresses] Adding IP addresses for network interface awdl0
2022-09-05T12:39:30.324+0200 [DEBUG] [org.gradle.internal.remote.internal.inet.InetAddresses] Is this a loopback interface? false
2022-09-05T12:39:30.324+0200 [DEBUG] [org.gradle.internal.remote.internal.inet.InetAddresses] Adding remote address /fe80:0:0:0:dc4d:1cff:fe7a:623c%awdl0
2022-09-05T12:39:30.324+0200 [DEBUG] [org.gradle.internal.remote.internal.inet.InetAddresses] Adding IP addresses for network interface anpi0
2022-09-05T12:39:30.325+0200 [DEBUG] [org.gradle.internal.remote.internal.inet.InetAddresses] Is this a loopback interface? false
2022-09-05T12:39:30.326+0200 [DEBUG] [org.gradle.internal.remote.internal.inet.InetAddresses] Adding remote address /fe80:0:0:0:f4aa:2ff:fe47:d8d7%anpi0
2022-09-05T12:39:30.326+0200 [DEBUG] [org.gradle.internal.remote.internal.inet.InetAddresses] Adding IP addresses for network interface anpi1
2022-09-05T12:39:30.326+0200 [DEBUG] [org.gradle.internal.remote.internal.inet.InetAddresses] Is this a loopback interface? false
2022-09-05T12:39:30.326+0200 [DEBUG] [org.gradle.internal.remote.internal.inet.InetAddresses] Adding remote address /fe80:0:0:0:f4aa:2ff:fe47:d8d8%anpi1
2022-09-05T12:39:30.326+0200 [DEBUG] [org.gradle.internal.remote.internal.inet.InetAddresses] Adding IP addresses for network interface en0
2022-09-05T12:39:30.326+0200 [DEBUG] [org.gradle.internal.remote.internal.inet.InetAddresses] Is this a loopback interface? false
2022-09-05T12:39:30.327+0200 [DEBUG] [org.gradle.internal.remote.internal.inet.InetAddresses] Adding remote address /fe80:0:0:0:1451:1c09:652b:3d25%en0
2022-09-05T12:39:30.327+0200 [DEBUG] [org.gradle.internal.remote.internal.inet.InetAddresses] Adding remote address /172.20.10.5
2022-09-05T12:39:30.328+0200 [DEBUG] [org.gradle.internal.remote.internal.inet.InetAddresses] Adding IP addresses for network interface lo0
2022-09-05T12:39:30.328+0200 [DEBUG] [org.gradle.internal.remote.internal.inet.InetAddresses] Is this a loopback interface? true
2022-09-05T12:39:30.328+0200 [DEBUG] [org.gradle.internal.remote.internal.inet.InetAddresses] Ignoring remote address on loopback interface /fe80:0:0:0:0:0:0:1%lo0
2022-09-05T12:39:30.328+0200 [DEBUG] [org.gradle.internal.remote.internal.inet.InetAddresses] Adding loopback address /0:0:0:0:0:0:0:1%lo0
2022-09-05T12:39:30.328+0200 [DEBUG] [org.gradle.internal.remote.internal.inet.InetAddresses] Adding loopback address /127.0.0.1
2022-09-05T12:39:30.332+0200 [DEBUG] [org.gradle.internal.remote.internal.inet.TcpIncomingConnector] Listening on [84a617b5-e186-4993-91a2-51577c2dca2c port:49238, addresses:[localhost/127.0.0.1]].
2022-09-05T12:39:30.339+0200 [DEBUG] [org.gradle.launcher.daemon.server.Daemon] Daemon starting at: Mon Sep 05 12:39:30 CEST 2022, with address: [84a617b5-e186-4993-91a2-51577c2dca2c port:49238, addresses:[localhost/127.0.0.1]]
2022-09-05T12:39:30.340+0200 [INFO] [org.gradle.launcher.daemon.server.DaemonRegistryUpdater] Advertising the daemon address to the clients: [84a617b5-e186-4993-91a2-51577c2dca2c port:49238, addresses:[localhost/127.0.0.1]]
2022-09-05T12:39:30.340+0200 [DEBUG] [org.gradle.launcher.daemon.server.DaemonRegistryUpdater] Advertised daemon context: DefaultDaemonContext[uid=d5f3ffad-6c57-4e14-b490-123389ab54a1,javaHome=/Library/Java/JavaVirtualMachines/jdk1.8.0_341.jdk/Contents/Home,daemonRegistryDir=/Users/bcsoft/builds/s43SNqVw/0/qagroup6/frutam1new/.gradle/daemon,pid=900,idleTimeout=120000,priority=NORMAL,daemonOpts=-XX:MaxMetaspaceSize=256m,-XX:+HeapDumpOnOutOfMemoryError,-Xms256m,-Xmx512m,-Dfile.encoding=UTF-8,-Duser.country=IT,-Duser.language=it,-Duser.variant]
2022-09-05T12:39:30.341+0200 [DEBUG] [org.gradle.launcher.daemon.registry.PersistentDaemonRegistry] Storing daemon address: [84a617b5-e186-4993-91a2-51577c2dca2c port:49238, addresses:[localhost/127.0.0.1]], context: DefaultDaemonContext[uid=d5f3ffad-6c57-4e14-b490-123389ab54a1,javaHome=/Library/Java/JavaVirtualMachines/jdk1.8.0_341.jdk/Contents/Home,daemonRegistryDir=/Users/bcsoft/builds/s43SNqVw/0/qagroup6/frutam1new/.gradle/daemon,pid=900,idleTimeout=120000,priority=NORMAL,daemonOpts=-XX:MaxMetaspaceSize=256m,-XX:+HeapDumpOnOutOfMemoryError,-Xms256m,-Xmx512m,-Dfile.encoding=UTF-8,-Duser.country=IT,-Duser.language=it,-Duser.variant]
2022-09-05T12:39:30.346+0200 [DEBUG] [org.gradle.cache.internal.DefaultFileLockManager] Waiting to acquire exclusive lock on daemon addresses registry.
2022-09-05T12:39:30.351+0200 [DEBUG] [org.gradle.cache.internal.DefaultFileLockManager] Lock acquired on daemon addresses registry.
2022-09-05T12:39:30.354+0200 [DEBUG] [org.gradle.cache.internal.DefaultFileLockManager] Releasing lock on daemon addresses registry.
2022-09-05T12:39:30.358+0200 [DEBUG] [org.gradle.cache.internal.DefaultFileLockManager] Waiting to acquire exclusive lock on daemon addresses registry.
2022-09-05T12:39:30.359+0200 [DEBUG] [org.gradle.cache.internal.DefaultFileLockManager] Lock acquired on daemon addresses registry.
2022-09-05T12:39:30.362+0200 [DEBUG] [org.gradle.cache.internal.DefaultFileLockManager] Releasing lock on daemon addresses registry.
2022-09-05T12:39:30.363+0200 [LIFECYCLE] [org.gradle.launcher.daemon.server.Daemon] Daemon server started.
2022-09-05T12:39:30.365+0200 [DEBUG] [org.gradle.launcher.daemon.bootstrap.DaemonStartupCommunication] Completed writing the daemon greeting. Closing streams...
2022-09-05T12:39:30.367+0200 [DEBUG] [org.gradle.launcher.daemon.server.Daemon] stopOnExpiration() called on daemon
2022-09-05T12:39:30.368+0200 [DEBUG] [org.gradle.launcher.daemon.server.Daemon] awaitExpiration() called on daemon
2022-09-05T12:39:30.370+0200 [DEBUG] [org.gradle.launcher.daemon.server.DaemonStateCoordinator] daemon is running. Sleeping until state changes.
2022-09-05T12:39:30.386+0200 [DEBUG] [org.gradle.internal.remote.internal.inet.TcpIncomingConnector] Accepted connection from /127.0.0.1:49239 to /127.0.0.1:49238.
2022-09-05T12:39:30.411+0200 [DEBUG] [org.gradle.launcher.daemon.server.SynchronizedDispatchConnection] thread 17: received class org.gradle.launcher.daemon.protocol.Build
2022-09-05T12:39:30.412+0200 [DEBUG] [org.gradle.launcher.daemon.server.DefaultDaemonConnection] thread 17: Received non-IO message from client: Build{id=20333ec7-1375-4ff2-ac49-9f448540a474, currentDir=/Users/bcsoft/builds/s43SNqVw/0/qagroup6/frutam1new}
2022-09-05T12:39:30.412+0200 [INFO] [org.gradle.launcher.daemon.server.DefaultIncomingConnectionHandler] Received command: Build{id=20333ec7-1375-4ff2-ac49-9f448540a474, currentDir=/Users/bcsoft/builds/s43SNqVw/0/qagroup6/frutam1new}.
2022-09-05T12:39:30.413+0200 [DEBUG] [org.gradle.launcher.daemon.server.DefaultIncomingConnectionHandler] Starting executing command: Build{id=20333ec7-1375-4ff2-ac49-9f448540a474, currentDir=/Users/bcsoft/builds/s43SNqVw/0/qagroup6/frutam1new} with connection: socket connection from /127.0.0.1:49238 to /127.0.0.1:49239.
2022-09-05T12:39:30.414+0200 [DEBUG] [org.gradle.launcher.daemon.server.DaemonStateCoordinator] Command execution: started DaemonCommandExecution[command = Build{id=20333ec7-1375-4ff2-ac49-9f448540a474, currentDir=/Users/bcsoft/builds/s43SNqVw/0/qagroup6/frutam1new}, connection = DefaultDaemonConnection: socket connection from /127.0.0.1:49238 to /127.0.0.1:49239] after 0.0 minutes of idle
2022-09-05T12:39:30.415+0200 [INFO] [org.gradle.launcher.daemon.server.DaemonRegistryUpdater] Marking the daemon as busy, address: [84a617b5-e186-4993-91a2-51577c2dca2c port:49238, addresses:[localhost/127.0.0.1]]
2022-09-05T12:39:30.415+0200 [DEBUG] [org.gradle.launcher.daemon.registry.PersistentDaemonRegistry] Marking busy by address: [84a617b5-e186-4993-91a2-51577c2dca2c port:49238, addresses:[localhost/127.0.0.1]]
2022-09-05T12:39:30.415+0200 [DEBUG] [org.gradle.cache.internal.DefaultFileLockManager] Waiting to acquire exclusive lock on daemon addresses registry.
2022-09-05T12:39:30.416+0200 [DEBUG] [org.gradle.cache.internal.DefaultFileLockManager] Lock acquired on daemon addresses registry.
2022-09-05T12:39:30.421+0200 [DEBUG] [org.gradle.cache.internal.DefaultFileLockManager] Releasing lock on daemon addresses registry.
2022-09-05T12:39:30.426+0200 [DEBUG] [org.gradle.launcher.daemon.server.DaemonStateCoordinator] resetting idle timer
2022-09-05T12:39:30.426+0200 [DEBUG] [org.gradle.launcher.daemon.server.DaemonStateCoordinator] daemon is running. Sleeping until state changes.
2022-09-05T12:39:30.427+0200 [INFO] [org.gradle.launcher.daemon.server.exec.StartBuildOrRespondWithBusy] Daemon is about to start building Build{id=20333ec7-1375-4ff2-ac49-9f448540a474, currentDir=/Users/bcsoft/builds/s43SNqVw/0/qagroup6/frutam1new}. Dispatching build started information...
2022-09-05T12:39:30.428+0200 [DEBUG] [org.gradle.launcher.daemon.server.SynchronizedDispatchConnection] thread 19: dispatching org.gradle.launcher.daemon.protocol.BuildStarted@3d05a61e
2022-09-05T12:39:30.430+0200 [DEBUG] [org.gradle.launcher.daemon.server.exec.EstablishBuildEnvironment] Configuring env variables: [PATH, CI_COMMIT_MESSAGE, CI_SERVER_VERSION_MAJOR, CI_PROJECT_URL, CI_COMMIT_REF_SLUG, GITLAB_FEATURES, CI_PROJECT_PATH_SLUG, CI_SHARED_ENVIRONMENT, FF_USE_NEW_BASH_EVAL_STRATEGY, CI_SERVER_VERSION_MINOR, PWD, FF_USE_LEGACY_KUBERNETES_EXECUTION_STRATEGY, CI_SERVER, CI_PROJECT_VISIBILITY, CI_BUILD_NAME, CI_PROJECT_TITLE, FF_USE_WINDOWS_LEGACY_PROCESS_STRATEGY, CI_PIPELINE_SOURCE, CI_RUNNER_ID, CI_REGISTRY_USER, CI_COMMIT_REF_NAME, CI_NODE_TOTAL, XPC_FLAGS, CI_SERVER_URL, CI_COMMIT_TIMESTAMP, SHLVL, CI_BUILD_REF_NAME, CONFIG_FILE, CI_JOB_STATUS, CI_REGISTRY, CI_PROJECT_REPOSITORY_LANGUAGES, CI_PAGES_URL, CI_JOB_STAGE, JAVA_HOME, CI_JOB_JWT_V2, CI_PAGES_DOMAIN, CI_JOB_JWT_V1, CI_DEPENDENCY_PROXY_GROUP_IMAGE_PREFIX, CI_CONCURRENT_ID, CI_BUILD_STAGE, CI_RUNNER_REVISION, GRADLE_USER_HOME, CI_PROJECT_NAMESPACE, CI_PIPELINE_ID, CI_JOB_JWT, CI_JOB_IMAGE, CI_BUILD_TOKEN, FF_CMD_DISABLE_DELAYED_ERROR_LEVEL_EXPANSION, CI_RUNNER_EXECUTABLE_ARCH, CI_PROJECT_NAME, CI_BUILD_REF_SLUG, CI, FF_SKIP_NOOP_BUILD_STAGES, FF_NETWORK_PER_BUILD, CI_JOB_TOKEN, FF_USE_NEW_SHELL_ESCAPE, CI_SERVER_TLS_CA_FILE, JAVA_MAIN_CLASS_882, CI_PROJECT_DIR, CI_RUNNER_VERSION, CI_COMMIT_SHA, FF_USE_DYNAMIC_TRACE_FORCE_SEND_INTERVAL, GRADLE_OPTS, CI_SERVER_REVISION, FF_POSIXLY_CORRECT_ESCAPES, CI_JOB_STARTED_AT, CI_CONCURRENT_PROJECT_ID, CI_DEPENDENCY_PROXY_USER, FF_KUBERNETES_HONOR_ENTRYPOINT, CI_SERVER_PORT, CI_PIPELINE_URL, CI_COMMIT_BEFORE_SHA, CI_DEPENDENCY_PROXY_DIRECT_GROUP_IMAGE_PREFIX, LOGNAME, CI_SERVER_NAME, CI_COMMIT_SHORT_SHA, FF_USE_POWERSHELL_PATH_RESOLVER, CI_JOB_URL, CI_BUILDS_DIR, GITLAB_USER_NAME, SHELL, CI_RUNNER_TAGS, CI_SERVER_VERSION_PATCH, CI_SERVER_PROTOCOL, TMPDIR, CI_COMMIT_BRANCH, FF_ENABLE_BASH_EXIT_CODE_CHECK, CI_PROJECT_CLASSIFICATION_LABEL, GITLAB_CI, CI_REGISTRY_IMAGE, __CF_USER_TEXT_ENCODING, CI_JOB_ID, GITLAB_USER_ID, CI_PIPELINE_IID, FF_SCRIPT_SECTIONS, CI_SERVER_VERSION, CI_COMMIT_TITLE, CI_DEPENDENCY_PROXY_SERVER, CI_API_V4_URL, CI_PROJECT_ROOT_NAMESPACE, GITLAB_USER_EMAIL, CI_BUILD_REF, CI_PROJECT_ID, FF_USE_IMPROVED_URL_MASKING, CI_RUNNER_DESCRIPTION, CI_REGISTRY_PASSWORD, CI_PROJECT_PATH, CI_COMMIT_REF_PROTECTED, CI_TEMPLATE_REGISTRY_HOST, CI_DEFAULT_BRANCH, CI_RUNNER_SHORT_TOKEN, CI_COMMIT_AUTHOR, XPC_SERVICE_NAME, CI_CONFIG_PATH, CI_COMMIT_DESCRIPTION, CI_BUILD_BEFORE_SHA, CI_DEPENDENCY_PROXY_PASSWORD, CI_PROJECT_DESCRIPTION, CI_SERVER_HOST, CI_PIPELINE_CREATED_AT, FF_DISABLE_UMASK_FOR_DOCKER_EXECUTOR, USER, FF_ENABLE_JOB_CLEANUP, FF_USE_FASTZIP, SSH_AUTH_SOCK, FF_USE_DIRECT_DOWNLOAD, CI_BUILD_ID, CI_JOB_NAME, GITLAB_USER_LOGIN, CI_REPOSITORY_URL, HOME]
2022-09-05T12:39:30.431+0200 [DEBUG] [org.gradle.launcher.daemon.server.SynchronizedDispatchConnection] thread 17: received class org.gradle.launcher.daemon.protocol.CloseInput
2022-09-05T12:39:30.431+0200 [DEBUG] [org.gradle.launcher.daemon.server.DefaultDaemonConnection] thread 17: Received IO message from client: org.gradle.launcher.daemon.protocol.CloseInput@71f1be72
2022-09-05T12:39:30.435+0200 [DEBUG] [org.gradle.launcher.daemon.server.exec.LogToClient] About to start relaying all logs to the client via the connection.
2022-09-05T12:39:30.436+0200 [INFO] [org.gradle.launcher.daemon.server.exec.LogToClient] The client will now receive all logging from the daemon (pid: 900). The daemon log file: /Users/bcsoft/builds/s43SNqVw/0/qagroup6/frutam1new/.gradle/daemon/7.5.1/daemon-900.out.log
2022-09-05T12:39:30.436+0200 [INFO] [org.gradle.launcher.daemon.server.exec.ForwardClientInput] Closing daemon's stdin at end of input.
2022-09-05T12:39:30.437+0200 [INFO] [org.gradle.launcher.daemon.server.exec.ForwardClientInput] The daemon will no longer process any standard input.
2022-09-05T12:39:30.437+0200 [DEBUG] [org.gradle.launcher.daemon.server.exec.RequestStopIfSingleUsedDaemon] Requesting daemon stop after processing Build{id=20333ec7-1375-4ff2-ac49-9f448540a474, currentDir=/Users/bcsoft/builds/s43SNqVw/0/qagroup6/frutam1new}
2022-09-05T12:39:30.437+0200 [LIFECYCLE] [org.gradle.launcher.daemon.server.DaemonStateCoordinator] Daemon will be stopped at the end of the build 
2022-09-05T12:39:30.437+0200 [DEBUG] [org.gradle.launcher.daemon.server.DaemonStateCoordinator] Stop as soon as idle requested. The daemon is busy: true
2022-09-05T12:39:30.438+0200 [DEBUG] [org.gradle.launcher.daemon.server.DaemonStateCoordinator] daemon stop has been requested. Sleeping until state changes.
2022-09-05T12:39:30.441+0200 [DEBUG] [org.gradle.launcher.daemon.server.exec.ExecuteBuild] The daemon has started executing the build.
2022-09-05T12:39:30.443+0200 [DEBUG] [org.gradle.launcher.daemon.server.exec.ExecuteBuild] Executing build with daemon context: DefaultDaemonContext[uid=d5f3ffad-6c57-4e14-b490-123389ab54a1,javaHome=/Library/Java/JavaVirtualMachines/jdk1.8.0_341.jdk/Contents/Home,daemonRegistryDir=/Users/bcsoft/builds/s43SNqVw/0/qagroup6/frutam1new/.gradle/daemon,pid=900,idleTimeout=120000,priority=NORMAL,daemonOpts=-XX:MaxMetaspaceSize=256m,-XX:+HeapDumpOnOutOfMemoryError,-Xms256m,-Xmx512m,-Dfile.encoding=UTF-8,-Duser.country=IT,-Duser.language=it,-Duser.variant]

BUILD SUCCESSFUL in 10s
1 actionable task: 1 executed
2022-09-05T12:39:37.745+0200 [DEBUG] [org.gradle.launcher.daemon.server.exec.ExecuteBuild] The daemon has finished executing the build.
2022-09-05T12:39:37.756+0200 [DEBUG] [org.gradle.launcher.daemon.server.DaemonStateCoordinator] daemon stop has been requested. Sleeping until state changes.
2022-09-05T12:39:37.757+0200 [DEBUG] [org.gradle.launcher.daemon.server.DaemonStateCoordinator] Command execution: finished waiting for DaemonCommandExecution[command = Build{id=20333ec7-1375-4ff2-ac49-9f448540a474, currentDir=/Users/bcsoft/builds/s43SNqVw/0/qagroup6/frutam1new}, connection = DefaultDaemonConnection: socket connection from /127.0.0.1:49238 to /127.0.0.1:49239]. Result org.gradle.launcher.daemon.server.DaemonStateCoordinator@9d9f966 with state StopRequested
2022-09-05T12:39:37.757+0200 [DEBUG] [org.gradle.launcher.daemon.server.DaemonStateCoordinator] Command execution: completed DaemonCommandExecution[command = Build{id=20333ec7-1375-4ff2-ac49-9f448540a474, currentDir=/Users/bcsoft/builds/s43SNqVw/0/qagroup6/frutam1new}, connection = DefaultDaemonConnection: socket connection from /127.0.0.1:49238 to /127.0.0.1:49239]
2022-09-05T12:39:37.757+0200 [DEBUG] [org.gradle.launcher.daemon.server.DaemonStateCoordinator] resetting idle timer
2022-09-05T12:39:37.757+0200 [DEBUG] [org.gradle.launcher.daemon.server.DaemonStateCoordinator] Marking daemon stopped due to command completed and stop requested. The daemon is running a build: false
2022-09-05T12:39:37.757+0200 [DEBUG] [org.gradle.launcher.daemon.server.DaemonStateCoordinator] daemon has stopped.
2022-09-05T12:39:37.758+0200 [DEBUG] [org.gradle.launcher.daemon.server.Daemon] stop() called on daemon
2022-09-05T12:39:37.758+0200 [DEBUG] [org.gradle.launcher.daemon.server.exec.ReturnResult] Daemon is dispatching the build result: Success[value=org.gradle.launcher.exec.BuildActionResult@6689736e]
2022-09-05T12:39:37.759+0200 [INFO] [org.gradle.launcher.daemon.server.Daemon] Stop requested. Daemon is removing its presence from the registry...
2022-09-05T12:39:37.759+0200 [DEBUG] [org.gradle.launcher.daemon.server.SynchronizedDispatchConnection] thread 16: dispatching Success[value=org.gradle.launcher.exec.BuildActionResult@6689736e]
2022-09-05T12:39:37.759+0200 [DEBUG] [org.gradle.launcher.daemon.server.DaemonRegistryUpdater] Removing our presence to clients, eg. removing this address from the registry: [84a617b5-e186-4993-91a2-51577c2dca2c port:49238, addresses:[localhost/127.0.0.1]]
2022-09-05T12:39:37.760+0200 [DEBUG] [org.gradle.launcher.daemon.registry.PersistentDaemonRegistry] Removing daemon address: [84a617b5-e186-4993-91a2-51577c2dca2c port:49238, addresses:[localhost/127.0.0.1]]
2022-09-05T12:39:37.760+0200 [DEBUG] [org.gradle.launcher.daemon.server.DefaultIncomingConnectionHandler] Finishing executing command: Build{id=20333ec7-1375-4ff2-ac49-9f448540a474, currentDir=/Users/bcsoft/builds/s43SNqVw/0/qagroup6/frutam1new}
2022-09-05T12:39:37.765+0200 [DEBUG] [org.gradle.cache.internal.DefaultFileLockManager] Waiting to acquire exclusive lock on daemon addresses registry.
2022-09-05T12:39:37.763+0200 [DEBUG] [org.gradle.launcher.daemon.server.SynchronizedDispatchConnection] thread 17: received class org.gradle.launcher.daemon.protocol.Finished
2022-09-05T12:39:37.767+0200 [DEBUG] [org.gradle.launcher.daemon.server.DefaultDaemonConnection] thread 17: Received non-IO message from client: org.gradle.launcher.daemon.protocol.Finished@5e7001d5
2022-09-05T12:39:37.768+0200 [DEBUG] [org.gradle.cache.internal.DefaultFileLockManager] Lock acquired on daemon addresses registry.
2022-09-05T12:39:37.768+0200 [DEBUG] [org.gradle.launcher.daemon.server.DefaultIncomingConnectionHandler] Received finished message: org.gradle.launcher.daemon.protocol.Finished@5e7001d5
2022-09-05T12:39:37.768+0200 [DEBUG] [org.gradle.launcher.daemon.server.SynchronizedDispatchConnection] thread 16: stopping connection
2022-09-05T12:39:37.770+0200 [DEBUG] [org.gradle.internal.remote.internal.inet.SocketConnection] Discarding EOFException: java.io.EOFException
2022-09-05T12:39:37.771+0200 [DEBUG] [org.gradle.launcher.daemon.server.SynchronizedDispatchConnection] thread 17: received null
2022-09-05T12:39:37.771+0200 [DEBUG] [org.gradle.launcher.daemon.server.DefaultDaemonConnection] thread 17: Received end-of-input from client.
2022-09-05T12:39:37.771+0200 [DEBUG] [org.gradle.cache.internal.DefaultFileLockManager] Releasing lock on daemon addresses registry.
2022-09-05T12:39:37.771+0200 [DEBUG] [org.gradle.launcher.daemon.server.SynchronizedDispatchConnection] thread 16: stopping connection
2022-09-05T12:39:37.771+0200 [DEBUG] [org.gradle.launcher.daemon.server.DaemonRegistryUpdater] Address removed from registry.
2022-09-05T12:39:37.774+0200 [DEBUG] [org.gradle.cache.internal.LockOnDemandCrossProcessCacheAccess] Releasing file lock for jars (/Users/bcsoft/builds/s43SNqVw/0/qagroup6/frutam1new/.gradle/caches/jars-9)
2022-09-05T12:39:37.775+0200 [DEBUG] [org.gradle.cache.internal.DefaultFileLockManager] Releasing lock on jars (/Users/bcsoft/builds/s43SNqVw/0/qagroup6/frutam1new/.gradle/caches/jars-9).
2022-09-05T12:39:37.776+0200 [DEBUG] [org.gradle.cache.internal.DefaultCacheAccess] Cache Artifact transforms cache (/Users/bcsoft/builds/s43SNqVw/0/qagroup6/frutam1new/.gradle/caches/transforms-3) was closed 0 times.
2022-09-05T12:39:37.782+0200 [DEBUG] [org.gradle.cache.internal.LockOnDemandCrossProcessCacheAccess] Releasing file lock for file content cache (/Users/bcsoft/builds/s43SNqVw/0/qagroup6/frutam1new/.gradle/caches/7.5.1/fileContent)
2022-09-05T12:39:37.782+0200 [DEBUG] [org.gradle.cache.internal.DefaultFileLockManager] Releasing lock on file content cache (/Users/bcsoft/builds/s43SNqVw/0/qagroup6/frutam1new/.gradle/caches/7.5.1/fileContent).
2022-09-05T12:39:37.783+0200 [DEBUG] [org.gradle.internal.watch.vfs.impl.WatchingVirtualFileSystem] Closing VFS, dropping state
2022-09-05T12:39:37.793+0200 [DEBUG] [org.gradle.internal.watch.registry.impl.DefaultFileWatcherRegistry] Finished listening to file system change events
2022-09-05T12:39:37.793+0200 [DEBUG] [org.gradle.cache.internal.DefaultCacheAccess] Cache Generated Gradle JARs cache (/Users/bcsoft/builds/s43SNqVw/0/qagroup6/frutam1new/.gradle/caches/7.5.1/generated-gradle-jars) was closed 0 times.
2022-09-05T12:39:37.794+0200 [DEBUG] [org.gradle.cache.internal.LockOnDemandCrossProcessCacheAccess] Releasing file lock for artifact cache (/Users/bcsoft/builds/s43SNqVw/0/qagroup6/frutam1new/.gradle/caches/modules-2)
2022-09-05T12:39:37.794+0200 [DEBUG] [org.gradle.cache.internal.DefaultFileLockManager] Releasing lock on artifact cache (/Users/bcsoft/builds/s43SNqVw/0/qagroup6/frutam1new/.gradle/caches/modules-2).
2022-09-05T12:39:37.796+0200 [DEBUG] [org.gradle.cache.internal.LockOnDemandCrossProcessCacheAccess] Releasing file lock for journal cache (/Users/bcsoft/builds/s43SNqVw/0/qagroup6/frutam1new/.gradle/caches/journal-1)
2022-09-05T12:39:37.796+0200 [DEBUG] [org.gradle.cache.internal.btree.BTreePersistentIndexedCache] Closing cache file-access.bin (/Users/bcsoft/builds/s43SNqVw/0/qagroup6/frutam1new/.gradle/caches/journal-1/file-access.bin)
2022-09-05T12:39:37.797+0200 [DEBUG] [org.gradle.cache.internal.DefaultFileLockManager] Releasing lock on journal cache (/Users/bcsoft/builds/s43SNqVw/0/qagroup6/frutam1new/.gradle/caches/journal-1).
2022-09-05T12:39:37.797+0200 [DEBUG] [org.gradle.cache.internal.LockOnDemandCrossProcessCacheAccess] Releasing file lock for file hash cache (/Users/bcsoft/builds/s43SNqVw/0/qagroup6/frutam1new/.gradle/caches/7.5.1/fileHashes)
2022-09-05T12:39:37.798+0200 [DEBUG] [org.gradle.cache.internal.btree.BTreePersistentIndexedCache] Closing cache fileHashes.bin (/Users/bcsoft/builds/s43SNqVw/0/qagroup6/frutam1new/.gradle/caches/7.5.1/fileHashes/fileHashes.bin)
2022-09-05T12:39:37.798+0200 [DEBUG] [org.gradle.cache.internal.DefaultFileLockManager] Releasing lock on file hash cache (/Users/bcsoft/builds/s43SNqVw/0/qagroup6/frutam1new/.gradle/caches/7.5.1/fileHashes).
2022-09-05T12:39:37.798+0200 [DEBUG] [org.gradle.cache.internal.LockOnDemandCrossProcessCacheAccess] Releasing file lock for execution history cache (/Users/bcsoft/builds/s43SNqVw/0/qagroup6/frutam1new/.gradle/caches/7.5.1/executionHistory)
2022-09-05T12:39:37.799+0200 [DEBUG] [org.gradle.cache.internal.DefaultFileLockManager] Releasing lock on execution history cache (/Users/bcsoft/builds/s43SNqVw/0/qagroup6/frutam1new/.gradle/caches/7.5.1/executionHistory).
2022-09-05T12:39:37.804+0200 [DEBUG] [org.gradle.cache.internal.VersionSpecificCacheCleanupAction] Processed version-specific caches at /Users/bcsoft/builds/s43SNqVw/0/qagroup6/frutam1new/.gradle/caches for cleanup in 0.003 secs
Daemon vm is shutting down... The daemon has exited normally or was terminated in response to a user interrupt.
2022-09-05T12:39:37.814+0200 [DEBUG] [org.gradle.launcher.daemon.registry.PersistentDaemonRegistry] Removing daemon address: [84a617b5-e186-4993-91a2-51577c2dca2c port:49238, addresses:[localhost/127.0.0.1]]
2022-09-05T12:39:37.819+0200 [DEBUG] [org.gradle.cache.internal.DefaultFileLockManager] Waiting to acquire exclusive lock on daemon addresses registry.
2022-09-05T12:39:37.820+0200 [DEBUG] [org.gradle.cache.internal.DefaultFileLockManager] Lock acquired on daemon addresses registry.
2022-09-05T12:39:37.821+0200 [DEBUG] [org.gradle.cache.internal.DefaultFileLockManager] Releasing lock on daemon addresses registry.
