2022-09-05T12:41:27.060+0200 [DEBUG] [org.gradle.launcher.daemon.bootstrap.DaemonMain] Assuming the daemon was started with following jvm opts: [-XX:MaxMetaspaceSize=256m, -XX:+HeapDumpOnOutOfMemoryError, -Xms256m, -Xmx512m, -Dfile.encoding=UTF-8, -Duser.country=IT, -Duser.language=it, -Duser.variant]
2022-09-05T12:41:27.214+0200 [INFO] [org.gradle.launcher.daemon.server.Daemon] start() called on daemon - DefaultDaemonContext[uid=4ef9a480-da5c-4a48-9cdd-b50b2394c80c,javaHome=/Library/Java/JavaVirtualMachines/jdk1.8.0_341.jdk/Contents/Home,daemonRegistryDir=/Users/bcsoft/builds/s43SNqVw/0/qagroup6/frutam1new/.gradle/daemon,pid=1017,idleTimeout=120000,priority=NORMAL,daemonOpts=-XX:MaxMetaspaceSize=256m,-XX:+HeapDumpOnOutOfMemoryError,-Xms256m,-Xmx512m,-Dfile.encoding=UTF-8,-Duser.country=IT,-Duser.language=it,-Duser.variant]
2022-09-05T12:41:27.245+0200 [DEBUG] [org.gradle.internal.remote.internal.inet.InetAddresses] Adding IP addresses for network interface utun4
2022-09-05T12:41:27.248+0200 [DEBUG] [org.gradle.internal.remote.internal.inet.InetAddresses] Is this a loopback interface? false
2022-09-05T12:41:27.248+0200 [DEBUG] [org.gradle.internal.remote.internal.inet.InetAddresses] Adding remote address /fe80:0:0:0:d409:8992:2433:d3a9%utun4
2022-09-05T12:41:27.248+0200 [DEBUG] [org.gradle.internal.remote.internal.inet.InetAddresses] Adding IP addresses for network interface utun3
2022-09-05T12:41:27.249+0200 [DEBUG] [org.gradle.internal.remote.internal.inet.InetAddresses] Is this a loopback interface? false
2022-09-05T12:41:27.251+0200 [DEBUG] [org.gradle.internal.remote.internal.inet.InetAddresses] Adding remote address /fe80:0:0:0:3853:1f3f:c8d5:f2f3%utun3
2022-09-05T12:41:27.251+0200 [DEBUG] [org.gradle.internal.remote.internal.inet.InetAddresses] Adding IP addresses for network interface utun2
2022-09-05T12:41:27.252+0200 [DEBUG] [org.gradle.internal.remote.internal.inet.InetAddresses] Is this a loopback interface? false
2022-09-05T12:41:27.252+0200 [DEBUG] [org.gradle.internal.remote.internal.inet.InetAddresses] Adding remote address /fe80:0:0:0:ce81:b1c:bd2c:69e%utun2
2022-09-05T12:41:27.252+0200 [DEBUG] [org.gradle.internal.remote.internal.inet.InetAddresses] Adding IP addresses for network interface utun1
2022-09-05T12:41:27.252+0200 [DEBUG] [org.gradle.internal.remote.internal.inet.InetAddresses] Is this a loopback interface? false
2022-09-05T12:41:27.255+0200 [DEBUG] [org.gradle.internal.remote.internal.inet.InetAddresses] Adding remote address /fe80:0:0:0:6755:39b5:be29:f679%utun1
2022-09-05T12:41:27.255+0200 [DEBUG] [org.gradle.internal.remote.internal.inet.InetAddresses] Adding IP addresses for network interface utun0
2022-09-05T12:41:27.255+0200 [DEBUG] [org.gradle.internal.remote.internal.inet.InetAddresses] Is this a loopback interface? false
2022-09-05T12:41:27.255+0200 [DEBUG] [org.gradle.internal.remote.internal.inet.InetAddresses] Adding remote address /fe80:0:0:0:bc04:fbe:ec76:d73b%utun0
2022-09-05T12:41:27.255+0200 [DEBUG] [org.gradle.internal.remote.internal.inet.InetAddresses] Adding IP addresses for network interface llw0
2022-09-05T12:41:27.256+0200 [DEBUG] [org.gradle.internal.remote.internal.inet.InetAddresses] Is this a loopback interface? false
2022-09-05T12:41:27.256+0200 [DEBUG] [org.gradle.internal.remote.internal.inet.InetAddresses] Adding remote address /fe80:0:0:0:dc4d:1cff:fe7a:623c%llw0
2022-09-05T12:41:27.256+0200 [DEBUG] [org.gradle.internal.remote.internal.inet.InetAddresses] Adding IP addresses for network interface awdl0
2022-09-05T12:41:27.257+0200 [DEBUG] [org.gradle.internal.remote.internal.inet.InetAddresses] Is this a loopback interface? false
2022-09-05T12:41:27.257+0200 [DEBUG] [org.gradle.internal.remote.internal.inet.InetAddresses] Adding remote address /fe80:0:0:0:dc4d:1cff:fe7a:623c%awdl0
2022-09-05T12:41:27.257+0200 [DEBUG] [org.gradle.internal.remote.internal.inet.InetAddresses] Adding IP addresses for network interface anpi0
2022-09-05T12:41:27.258+0200 [DEBUG] [org.gradle.internal.remote.internal.inet.InetAddresses] Is this a loopback interface? false
2022-09-05T12:41:27.259+0200 [DEBUG] [org.gradle.internal.remote.internal.inet.InetAddresses] Adding remote address /fe80:0:0:0:f4aa:2ff:fe47:d8d7%anpi0
2022-09-05T12:41:27.259+0200 [DEBUG] [org.gradle.internal.remote.internal.inet.InetAddresses] Adding IP addresses for network interface anpi1
2022-09-05T12:41:27.260+0200 [DEBUG] [org.gradle.internal.remote.internal.inet.InetAddresses] Is this a loopback interface? false
2022-09-05T12:41:27.260+0200 [DEBUG] [org.gradle.internal.remote.internal.inet.InetAddresses] Adding remote address /fe80:0:0:0:f4aa:2ff:fe47:d8d8%anpi1
2022-09-05T12:41:27.260+0200 [DEBUG] [org.gradle.internal.remote.internal.inet.InetAddresses] Adding IP addresses for network interface en0
2022-09-05T12:41:27.261+0200 [DEBUG] [org.gradle.internal.remote.internal.inet.InetAddresses] Is this a loopback interface? false
2022-09-05T12:41:27.261+0200 [DEBUG] [org.gradle.internal.remote.internal.inet.InetAddresses] Adding remote address /fe80:0:0:0:1451:1c09:652b:3d25%en0
2022-09-05T12:41:27.261+0200 [DEBUG] [org.gradle.internal.remote.internal.inet.InetAddresses] Adding remote address /172.20.10.5
2022-09-05T12:41:27.261+0200 [DEBUG] [org.gradle.internal.remote.internal.inet.InetAddresses] Adding IP addresses for network interface lo0
2022-09-05T12:41:27.262+0200 [DEBUG] [org.gradle.internal.remote.internal.inet.InetAddresses] Is this a loopback interface? true
2022-09-05T12:41:27.262+0200 [DEBUG] [org.gradle.internal.remote.internal.inet.InetAddresses] Ignoring remote address on loopback interface /fe80:0:0:0:0:0:0:1%lo0
2022-09-05T12:41:27.262+0200 [DEBUG] [org.gradle.internal.remote.internal.inet.InetAddresses] Adding loopback address /0:0:0:0:0:0:0:1%lo0
2022-09-05T12:41:27.262+0200 [DEBUG] [org.gradle.internal.remote.internal.inet.InetAddresses] Adding loopback address /127.0.0.1
2022-09-05T12:41:27.269+0200 [DEBUG] [org.gradle.internal.remote.internal.inet.TcpIncomingConnector] Listening on [f8db5778-f49f-4731-bf38-bd8248ad576e port:49240, addresses:[localhost/127.0.0.1]].
2022-09-05T12:41:27.277+0200 [DEBUG] [org.gradle.launcher.daemon.server.Daemon] Daemon starting at: Mon Sep 05 12:41:27 CEST 2022, with address: [f8db5778-f49f-4731-bf38-bd8248ad576e port:49240, addresses:[localhost/127.0.0.1]]
2022-09-05T12:41:27.278+0200 [INFO] [org.gradle.launcher.daemon.server.DaemonRegistryUpdater] Advertising the daemon address to the clients: [f8db5778-f49f-4731-bf38-bd8248ad576e port:49240, addresses:[localhost/127.0.0.1]]
2022-09-05T12:41:27.278+0200 [DEBUG] [org.gradle.launcher.daemon.server.DaemonRegistryUpdater] Advertised daemon context: DefaultDaemonContext[uid=4ef9a480-da5c-4a48-9cdd-b50b2394c80c,javaHome=/Library/Java/JavaVirtualMachines/jdk1.8.0_341.jdk/Contents/Home,daemonRegistryDir=/Users/bcsoft/builds/s43SNqVw/0/qagroup6/frutam1new/.gradle/daemon,pid=1017,idleTimeout=120000,priority=NORMAL,daemonOpts=-XX:MaxMetaspaceSize=256m,-XX:+HeapDumpOnOutOfMemoryError,-Xms256m,-Xmx512m,-Dfile.encoding=UTF-8,-Duser.country=IT,-Duser.language=it,-Duser.variant]
2022-09-05T12:41:27.279+0200 [DEBUG] [org.gradle.launcher.daemon.registry.PersistentDaemonRegistry] Storing daemon address: [f8db5778-f49f-4731-bf38-bd8248ad576e port:49240, addresses:[localhost/127.0.0.1]], context: DefaultDaemonContext[uid=4ef9a480-da5c-4a48-9cdd-b50b2394c80c,javaHome=/Library/Java/JavaVirtualMachines/jdk1.8.0_341.jdk/Contents/Home,daemonRegistryDir=/Users/bcsoft/builds/s43SNqVw/0/qagroup6/frutam1new/.gradle/daemon,pid=1017,idleTimeout=120000,priority=NORMAL,daemonOpts=-XX:MaxMetaspaceSize=256m,-XX:+HeapDumpOnOutOfMemoryError,-Xms256m,-Xmx512m,-Dfile.encoding=UTF-8,-Duser.country=IT,-Duser.language=it,-Duser.variant]
2022-09-05T12:41:27.284+0200 [DEBUG] [org.gradle.cache.internal.DefaultFileLockManager] Waiting to acquire exclusive lock on daemon addresses registry.
2022-09-05T12:41:27.290+0200 [DEBUG] [org.gradle.cache.internal.DefaultFileLockManager] Lock acquired on daemon addresses registry.
2022-09-05T12:41:27.296+0200 [DEBUG] [org.gradle.cache.internal.DefaultFileLockManager] Releasing lock on daemon addresses registry.
2022-09-05T12:41:27.296+0200 [LIFECYCLE] [org.gradle.launcher.daemon.server.Daemon] Daemon server started.
2022-09-05T12:41:27.297+0200 [DEBUG] [org.gradle.launcher.daemon.bootstrap.DaemonStartupCommunication] Completed writing the daemon greeting. Closing streams...
2022-09-05T12:41:27.300+0200 [DEBUG] [org.gradle.launcher.daemon.server.Daemon] stopOnExpiration() called on daemon
2022-09-05T12:41:27.302+0200 [DEBUG] [org.gradle.launcher.daemon.server.Daemon] awaitExpiration() called on daemon
2022-09-05T12:41:27.302+0200 [DEBUG] [org.gradle.launcher.daemon.server.DaemonStateCoordinator] daemon is running. Sleeping until state changes.
2022-09-05T12:41:27.322+0200 [DEBUG] [org.gradle.internal.remote.internal.inet.TcpIncomingConnector] Accepted connection from /127.0.0.1:49241 to /127.0.0.1:49240.
2022-09-05T12:41:27.347+0200 [DEBUG] [org.gradle.launcher.daemon.server.SynchronizedDispatchConnection] thread 17: received class org.gradle.launcher.daemon.protocol.Build
2022-09-05T12:41:27.348+0200 [DEBUG] [org.gradle.launcher.daemon.server.DefaultDaemonConnection] thread 17: Received non-IO message from client: Build{id=8cdc770d-a771-46bb-80e0-c860f6b30c3b, currentDir=/Users/bcsoft/builds/s43SNqVw/0/qagroup6/frutam1new}
2022-09-05T12:41:27.348+0200 [INFO] [org.gradle.launcher.daemon.server.DefaultIncomingConnectionHandler] Received command: Build{id=8cdc770d-a771-46bb-80e0-c860f6b30c3b, currentDir=/Users/bcsoft/builds/s43SNqVw/0/qagroup6/frutam1new}.
2022-09-05T12:41:27.348+0200 [DEBUG] [org.gradle.launcher.daemon.server.DefaultIncomingConnectionHandler] Starting executing command: Build{id=8cdc770d-a771-46bb-80e0-c860f6b30c3b, currentDir=/Users/bcsoft/builds/s43SNqVw/0/qagroup6/frutam1new} with connection: socket connection from /127.0.0.1:49240 to /127.0.0.1:49241.
2022-09-05T12:41:27.350+0200 [DEBUG] [org.gradle.launcher.daemon.server.DaemonStateCoordinator] Command execution: started DaemonCommandExecution[command = Build{id=8cdc770d-a771-46bb-80e0-c860f6b30c3b, currentDir=/Users/bcsoft/builds/s43SNqVw/0/qagroup6/frutam1new}, connection = DefaultDaemonConnection: socket connection from /127.0.0.1:49240 to /127.0.0.1:49241] after 0.0 minutes of idle
2022-09-05T12:41:27.351+0200 [INFO] [org.gradle.launcher.daemon.server.DaemonRegistryUpdater] Marking the daemon as busy, address: [f8db5778-f49f-4731-bf38-bd8248ad576e port:49240, addresses:[localhost/127.0.0.1]]
2022-09-05T12:41:27.351+0200 [DEBUG] [org.gradle.launcher.daemon.registry.PersistentDaemonRegistry] Marking busy by address: [f8db5778-f49f-4731-bf38-bd8248ad576e port:49240, addresses:[localhost/127.0.0.1]]
2022-09-05T12:41:27.352+0200 [DEBUG] [org.gradle.cache.internal.DefaultFileLockManager] Waiting to acquire exclusive lock on daemon addresses registry.
2022-09-05T12:41:27.353+0200 [DEBUG] [org.gradle.cache.internal.DefaultFileLockManager] Lock acquired on daemon addresses registry.
2022-09-05T12:41:27.356+0200 [DEBUG] [org.gradle.cache.internal.DefaultFileLockManager] Releasing lock on daemon addresses registry.
2022-09-05T12:41:27.357+0200 [DEBUG] [org.gradle.launcher.daemon.server.DaemonStateCoordinator] resetting idle timer
2022-09-05T12:41:27.357+0200 [DEBUG] [org.gradle.launcher.daemon.server.DaemonStateCoordinator] daemon is running. Sleeping until state changes.
2022-09-05T12:41:27.359+0200 [INFO] [org.gradle.launcher.daemon.server.exec.StartBuildOrRespondWithBusy] Daemon is about to start building Build{id=8cdc770d-a771-46bb-80e0-c860f6b30c3b, currentDir=/Users/bcsoft/builds/s43SNqVw/0/qagroup6/frutam1new}. Dispatching build started information...
2022-09-05T12:41:27.360+0200 [DEBUG] [org.gradle.launcher.daemon.server.SynchronizedDispatchConnection] thread 19: dispatching org.gradle.launcher.daemon.protocol.BuildStarted@399ef9c3
2022-09-05T12:41:27.362+0200 [DEBUG] [org.gradle.launcher.daemon.server.exec.EstablishBuildEnvironment] Configuring env variables: [PATH, CI_COMMIT_MESSAGE, CI_SERVER_VERSION_MAJOR, CI_PROJECT_URL, CI_COMMIT_REF_SLUG, GITLAB_FEATURES, CI_PROJECT_PATH_SLUG, CI_SHARED_ENVIRONMENT, FF_USE_NEW_BASH_EVAL_STRATEGY, CI_SERVER_VERSION_MINOR, PWD, FF_USE_LEGACY_KUBERNETES_EXECUTION_STRATEGY, CI_SERVER, CI_PROJECT_VISIBILITY, CI_BUILD_NAME, CI_PROJECT_TITLE, FF_USE_WINDOWS_LEGACY_PROCESS_STRATEGY, CI_PIPELINE_SOURCE, CI_RUNNER_ID, CI_REGISTRY_USER, CI_COMMIT_REF_NAME, CI_NODE_TOTAL, XPC_FLAGS, CI_SERVER_URL, CI_COMMIT_TIMESTAMP, SHLVL, CI_BUILD_REF_NAME, CONFIG_FILE, CI_JOB_STATUS, CI_REGISTRY, CI_PROJECT_REPOSITORY_LANGUAGES, CI_PAGES_URL, CI_JOB_STAGE, JAVA_HOME, CI_JOB_JWT_V2, CI_PAGES_DOMAIN, CI_JOB_JWT_V1, CI_DEPENDENCY_PROXY_GROUP_IMAGE_PREFIX, CI_CONCURRENT_ID, CI_BUILD_STAGE, CI_RUNNER_REVISION, GRADLE_USER_HOME, CI_PROJECT_NAMESPACE, CI_PIPELINE_ID, JAVA_MAIN_CLASS_1004, CI_JOB_JWT, CI_JOB_IMAGE, CI_BUILD_TOKEN, FF_CMD_DISABLE_DELAYED_ERROR_LEVEL_EXPANSION, CI_RUNNER_EXECUTABLE_ARCH, CI_PROJECT_NAME, CI_BUILD_REF_SLUG, CI, FF_SKIP_NOOP_BUILD_STAGES, FF_NETWORK_PER_BUILD, CI_JOB_TOKEN, FF_USE_NEW_SHELL_ESCAPE, CI_SERVER_TLS_CA_FILE, CI_PROJECT_DIR, CI_RUNNER_VERSION, CI_COMMIT_SHA, FF_USE_DYNAMIC_TRACE_FORCE_SEND_INTERVAL, GRADLE_OPTS, CI_SERVER_REVISION, FF_POSIXLY_CORRECT_ESCAPES, CI_JOB_STARTED_AT, CI_CONCURRENT_PROJECT_ID, CI_DEPENDENCY_PROXY_USER, FF_KUBERNETES_HONOR_ENTRYPOINT, CI_SERVER_PORT, CI_PIPELINE_URL, CI_COMMIT_BEFORE_SHA, CI_DEPENDENCY_PROXY_DIRECT_GROUP_IMAGE_PREFIX, LOGNAME, CI_SERVER_NAME, CI_COMMIT_SHORT_SHA, FF_USE_POWERSHELL_PATH_RESOLVER, CI_JOB_URL, CI_BUILDS_DIR, GITLAB_USER_NAME, SHELL, CI_RUNNER_TAGS, CI_SERVER_VERSION_PATCH, CI_SERVER_PROTOCOL, TMPDIR, CI_COMMIT_BRANCH, FF_ENABLE_BASH_EXIT_CODE_CHECK, CI_PROJECT_CLASSIFICATION_LABEL, GITLAB_CI, CI_REGISTRY_IMAGE, __CF_USER_TEXT_ENCODING, CI_JOB_ID, GITLAB_USER_ID, CI_PIPELINE_IID, FF_SCRIPT_SECTIONS, CI_SERVER_VERSION, CI_COMMIT_TITLE, CI_DEPENDENCY_PROXY_SERVER, CI_API_V4_URL, CI_PROJECT_ROOT_NAMESPACE, GITLAB_USER_EMAIL, CI_BUILD_REF, CI_PROJECT_ID, FF_USE_IMPROVED_URL_MASKING, CI_RUNNER_DESCRIPTION, CI_REGISTRY_PASSWORD, CI_PROJECT_PATH, CI_COMMIT_REF_PROTECTED, CI_TEMPLATE_REGISTRY_HOST, CI_DEFAULT_BRANCH, CI_RUNNER_SHORT_TOKEN, CI_COMMIT_AUTHOR, XPC_SERVICE_NAME, CI_CONFIG_PATH, CI_COMMIT_DESCRIPTION, CI_BUILD_BEFORE_SHA, CI_DEPENDENCY_PROXY_PASSWORD, CI_PROJECT_DESCRIPTION, CI_SERVER_HOST, CI_PIPELINE_CREATED_AT, FF_DISABLE_UMASK_FOR_DOCKER_EXECUTOR, USER, FF_ENABLE_JOB_CLEANUP, FF_USE_FASTZIP, SSH_AUTH_SOCK, FF_USE_DIRECT_DOWNLOAD, CI_BUILD_ID, CI_JOB_NAME, GITLAB_USER_LOGIN, CI_REPOSITORY_URL, HOME]
2022-09-05T12:41:27.364+0200 [DEBUG] [org.gradle.launcher.daemon.server.SynchronizedDispatchConnection] thread 17: received class org.gradle.launcher.daemon.protocol.CloseInput
2022-09-05T12:41:27.364+0200 [DEBUG] [org.gradle.launcher.daemon.server.DefaultDaemonConnection] thread 17: Received IO message from client: org.gradle.launcher.daemon.protocol.CloseInput@17314e01
2022-09-05T12:41:27.370+0200 [DEBUG] [org.gradle.launcher.daemon.server.exec.LogToClient] About to start relaying all logs to the client via the connection.
2022-09-05T12:41:27.371+0200 [INFO] [org.gradle.launcher.daemon.server.exec.LogToClient] The client will now receive all logging from the daemon (pid: 1017). The daemon log file: /Users/bcsoft/builds/s43SNqVw/0/qagroup6/frutam1new/.gradle/daemon/7.5.1/daemon-1017.out.log
2022-09-05T12:41:27.372+0200 [INFO] [org.gradle.launcher.daemon.server.exec.ForwardClientInput] Closing daemon's stdin at end of input.
2022-09-05T12:41:27.372+0200 [DEBUG] [org.gradle.launcher.daemon.server.exec.RequestStopIfSingleUsedDaemon] Requesting daemon stop after processing Build{id=8cdc770d-a771-46bb-80e0-c860f6b30c3b, currentDir=/Users/bcsoft/builds/s43SNqVw/0/qagroup6/frutam1new}
2022-09-05T12:41:27.373+0200 [INFO] [org.gradle.launcher.daemon.server.exec.ForwardClientInput] The daemon will no longer process any standard input.
2022-09-05T12:41:27.373+0200 [LIFECYCLE] [org.gradle.launcher.daemon.server.DaemonStateCoordinator] Daemon will be stopped at the end of the build 
2022-09-05T12:41:27.376+0200 [DEBUG] [org.gradle.launcher.daemon.server.DaemonStateCoordinator] Stop as soon as idle requested. The daemon is busy: true
2022-09-05T12:41:27.376+0200 [DEBUG] [org.gradle.launcher.daemon.server.DaemonStateCoordinator] daemon stop has been requested. Sleeping until state changes.
2022-09-05T12:41:27.379+0200 [DEBUG] [org.gradle.launcher.daemon.server.exec.ExecuteBuild] The daemon has started executing the build.
2022-09-05T12:41:27.380+0200 [DEBUG] [org.gradle.launcher.daemon.server.exec.ExecuteBuild] Executing build with daemon context: DefaultDaemonContext[uid=4ef9a480-da5c-4a48-9cdd-b50b2394c80c,javaHome=/Library/Java/JavaVirtualMachines/jdk1.8.0_341.jdk/Contents/Home,daemonRegistryDir=/Users/bcsoft/builds/s43SNqVw/0/qagroup6/frutam1new/.gradle/daemon,pid=1017,idleTimeout=120000,priority=NORMAL,daemonOpts=-XX:MaxMetaspaceSize=256m,-XX:+HeapDumpOnOutOfMemoryError,-Xms256m,-Xmx512m,-Dfile.encoding=UTF-8,-Duser.country=IT,-Duser.language=it,-Duser.variant]

BUILD SUCCESSFUL in 1m 15s
3 actionable tasks: 3 executed
2022-09-05T12:42:39.860+0200 [DEBUG] [org.gradle.launcher.daemon.server.exec.ExecuteBuild] The daemon has finished executing the build.
2022-09-05T12:42:39.877+0200 [DEBUG] [org.gradle.launcher.daemon.server.DaemonStateCoordinator] daemon stop has been requested. Sleeping until state changes.
2022-09-05T12:42:39.880+0200 [DEBUG] [org.gradle.launcher.daemon.server.DaemonStateCoordinator] Command execution: finished waiting for DaemonCommandExecution[command = Build{id=8cdc770d-a771-46bb-80e0-c860f6b30c3b, currentDir=/Users/bcsoft/builds/s43SNqVw/0/qagroup6/frutam1new}, connection = DefaultDaemonConnection: socket connection from /127.0.0.1:49240 to /127.0.0.1:49241]. Result org.gradle.launcher.daemon.server.DaemonStateCoordinator@a142bbf with state StopRequested
2022-09-05T12:42:39.880+0200 [DEBUG] [org.gradle.launcher.daemon.server.DaemonStateCoordinator] Command execution: completed DaemonCommandExecution[command = Build{id=8cdc770d-a771-46bb-80e0-c860f6b30c3b, currentDir=/Users/bcsoft/builds/s43SNqVw/0/qagroup6/frutam1new}, connection = DefaultDaemonConnection: socket connection from /127.0.0.1:49240 to /127.0.0.1:49241]
2022-09-05T12:42:39.880+0200 [DEBUG] [org.gradle.launcher.daemon.server.DaemonStateCoordinator] resetting idle timer
2022-09-05T12:42:39.880+0200 [DEBUG] [org.gradle.launcher.daemon.server.DaemonStateCoordinator] Marking daemon stopped due to command completed and stop requested. The daemon is running a build: false
2022-09-05T12:42:39.880+0200 [DEBUG] [org.gradle.launcher.daemon.server.DaemonStateCoordinator] daemon has stopped.
2022-09-05T12:42:39.880+0200 [DEBUG] [org.gradle.launcher.daemon.server.Daemon] stop() called on daemon
2022-09-05T12:42:39.881+0200 [DEBUG] [org.gradle.launcher.daemon.server.exec.ReturnResult] Daemon is dispatching the build result: Success[value=org.gradle.launcher.exec.BuildActionResult@3f83b487]
2022-09-05T12:42:39.881+0200 [INFO] [org.gradle.launcher.daemon.server.Daemon] Stop requested. Daemon is removing its presence from the registry...
2022-09-05T12:42:39.882+0200 [DEBUG] [org.gradle.launcher.daemon.server.SynchronizedDispatchConnection] thread 16: dispatching Success[value=org.gradle.launcher.exec.BuildActionResult@3f83b487]
2022-09-05T12:42:39.883+0200 [DEBUG] [org.gradle.launcher.daemon.server.DaemonRegistryUpdater] Removing our presence to clients, eg. removing this address from the registry: [f8db5778-f49f-4731-bf38-bd8248ad576e port:49240, addresses:[localhost/127.0.0.1]]
2022-09-05T12:42:39.883+0200 [DEBUG] [org.gradle.launcher.daemon.registry.PersistentDaemonRegistry] Removing daemon address: [f8db5778-f49f-4731-bf38-bd8248ad576e port:49240, addresses:[localhost/127.0.0.1]]
2022-09-05T12:42:39.885+0200 [DEBUG] [org.gradle.launcher.daemon.server.DefaultIncomingConnectionHandler] Finishing executing command: Build{id=8cdc770d-a771-46bb-80e0-c860f6b30c3b, currentDir=/Users/bcsoft/builds/s43SNqVw/0/qagroup6/frutam1new}
2022-09-05T12:42:39.889+0200 [DEBUG] [org.gradle.cache.internal.DefaultFileLockManager] Waiting to acquire exclusive lock on daemon addresses registry.
2022-09-05T12:42:39.891+0200 [DEBUG] [org.gradle.cache.internal.DefaultFileLockManager] Lock acquired on daemon addresses registry.
2022-09-05T12:42:39.893+0200 [DEBUG] [org.gradle.launcher.daemon.server.SynchronizedDispatchConnection] thread 17: received class org.gradle.launcher.daemon.protocol.Finished
2022-09-05T12:42:39.894+0200 [DEBUG] [org.gradle.launcher.daemon.server.DefaultDaemonConnection] thread 17: Received non-IO message from client: org.gradle.launcher.daemon.protocol.Finished@61abf554
2022-09-05T12:42:39.894+0200 [DEBUG] [org.gradle.launcher.daemon.server.DefaultIncomingConnectionHandler] Received finished message: org.gradle.launcher.daemon.protocol.Finished@61abf554
2022-09-05T12:42:39.894+0200 [DEBUG] [org.gradle.cache.internal.DefaultFileLockManager] Releasing lock on daemon addresses registry.
2022-09-05T12:42:39.896+0200 [DEBUG] [org.gradle.launcher.daemon.server.SynchronizedDispatchConnection] thread 16: stopping connection
2022-09-05T12:42:39.897+0200 [DEBUG] [org.gradle.launcher.daemon.server.DaemonRegistryUpdater] Address removed from registry.
2022-09-05T12:42:39.898+0200 [DEBUG] [org.gradle.internal.remote.internal.inet.SocketConnection] Discarding EOFException: java.io.EOFException
2022-09-05T12:42:39.899+0200 [DEBUG] [org.gradle.launcher.daemon.server.SynchronizedDispatchConnection] thread 17: received null
2022-09-05T12:42:39.899+0200 [DEBUG] [org.gradle.launcher.daemon.server.DefaultDaemonConnection] thread 17: Received end-of-input from client.
2022-09-05T12:42:39.899+0200 [DEBUG] [org.gradle.launcher.daemon.server.SynchronizedDispatchConnection] thread 16: stopping connection
2022-09-05T12:42:39.903+0200 [DEBUG] [org.gradle.cache.internal.LockOnDemandCrossProcessCacheAccess] Releasing file lock for jars (/Users/bcsoft/builds/s43SNqVw/0/qagroup6/frutam1new/.gradle/caches/jars-9)
2022-09-05T12:42:39.903+0200 [DEBUG] [org.gradle.cache.internal.DefaultFileLockManager] Releasing lock on jars (/Users/bcsoft/builds/s43SNqVw/0/qagroup6/frutam1new/.gradle/caches/jars-9).
2022-09-05T12:42:39.904+0200 [DEBUG] [org.gradle.cache.internal.DefaultPersistentDirectoryStore] jars (/Users/bcsoft/builds/s43SNqVw/0/qagroup6/frutam1new/.gradle/caches/jars-9) has last been fully cleaned up 0 hours ago
2022-09-05T12:42:39.905+0200 [DEBUG] [org.gradle.cache.internal.DefaultPersistentDirectoryStore] Artifact transforms cache (/Users/bcsoft/builds/s43SNqVw/0/qagroup6/frutam1new/.gradle/caches/transforms-3) has last been fully cleaned up 0 hours ago
2022-09-05T12:42:39.906+0200 [DEBUG] [org.gradle.cache.internal.DefaultCacheAccess] Cache Artifact transforms cache (/Users/bcsoft/builds/s43SNqVw/0/qagroup6/frutam1new/.gradle/caches/transforms-3) was closed 0 times.
2022-09-05T12:42:39.909+0200 [DEBUG] [org.gradle.cache.internal.LockOnDemandCrossProcessCacheAccess] Releasing file lock for file content cache (/Users/bcsoft/builds/s43SNqVw/0/qagroup6/frutam1new/.gradle/caches/7.5.1/fileContent)
2022-09-05T12:42:39.909+0200 [DEBUG] [org.gradle.cache.internal.DefaultFileLockManager] Releasing lock on file content cache (/Users/bcsoft/builds/s43SNqVw/0/qagroup6/frutam1new/.gradle/caches/7.5.1/fileContent).
2022-09-05T12:42:39.909+0200 [DEBUG] [org.gradle.internal.watch.vfs.impl.WatchingVirtualFileSystem] Closing VFS, dropping state
2022-09-05T12:42:39.918+0200 [DEBUG] [org.gradle.cache.internal.DefaultCacheAccess] Cache Generated Gradle JARs cache (/Users/bcsoft/builds/s43SNqVw/0/qagroup6/frutam1new/.gradle/caches/7.5.1/generated-gradle-jars) was closed 0 times.
2022-09-05T12:42:39.918+0200 [DEBUG] [org.gradle.internal.watch.registry.impl.DefaultFileWatcherRegistry] Finished listening to file system change events
2022-09-05T12:42:39.918+0200 [DEBUG] [org.gradle.cache.internal.LockOnDemandCrossProcessCacheAccess] Releasing file lock for artifact cache (/Users/bcsoft/builds/s43SNqVw/0/qagroup6/frutam1new/.gradle/caches/modules-2)
2022-09-05T12:42:39.919+0200 [DEBUG] [org.gradle.cache.internal.btree.BTreePersistentIndexedCache] Closing cache module-metadata.bin (/Users/bcsoft/builds/s43SNqVw/0/qagroup6/frutam1new/.gradle/caches/modules-2/metadata-2.99/module-metadata.bin)
2022-09-05T12:42:39.920+0200 [DEBUG] [org.gradle.cache.internal.btree.BTreePersistentIndexedCache] Closing cache resource-at-url.bin (/Users/bcsoft/builds/s43SNqVw/0/qagroup6/frutam1new/.gradle/caches/modules-2/metadata-2.99/resource-at-url.bin)
2022-09-05T12:42:39.921+0200 [DEBUG] [org.gradle.cache.internal.btree.BTreePersistentIndexedCache] Closing cache module-artifact.bin (/Users/bcsoft/builds/s43SNqVw/0/qagroup6/frutam1new/.gradle/caches/modules-2/metadata-2.99/module-artifact.bin)
2022-09-05T12:42:39.922+0200 [DEBUG] [org.gradle.cache.internal.DefaultFileLockManager] Releasing lock on artifact cache (/Users/bcsoft/builds/s43SNqVw/0/qagroup6/frutam1new/.gradle/caches/modules-2).
2022-09-05T12:42:39.922+0200 [DEBUG] [org.gradle.cache.internal.DefaultPersistentDirectoryStore] artifact cache (/Users/bcsoft/builds/s43SNqVw/0/qagroup6/frutam1new/.gradle/caches/modules-2) has last been fully cleaned up 0 hours ago
2022-09-05T12:42:39.924+0200 [DEBUG] [org.gradle.cache.internal.LockOnDemandCrossProcessCacheAccess] Releasing file lock for journal cache (/Users/bcsoft/builds/s43SNqVw/0/qagroup6/frutam1new/.gradle/caches/journal-1)
2022-09-05T12:42:39.924+0200 [DEBUG] [org.gradle.cache.internal.btree.BTreePersistentIndexedCache] Closing cache file-access.bin (/Users/bcsoft/builds/s43SNqVw/0/qagroup6/frutam1new/.gradle/caches/journal-1/file-access.bin)
2022-09-05T12:42:39.924+0200 [DEBUG] [org.gradle.cache.internal.DefaultFileLockManager] Releasing lock on journal cache (/Users/bcsoft/builds/s43SNqVw/0/qagroup6/frutam1new/.gradle/caches/journal-1).
2022-09-05T12:42:39.925+0200 [DEBUG] [org.gradle.cache.internal.LockOnDemandCrossProcessCacheAccess] Releasing file lock for file hash cache (/Users/bcsoft/builds/s43SNqVw/0/qagroup6/frutam1new/.gradle/caches/7.5.1/fileHashes)
2022-09-05T12:42:39.926+0200 [DEBUG] [org.gradle.cache.internal.btree.BTreePersistentIndexedCache] Closing cache fileHashes.bin (/Users/bcsoft/builds/s43SNqVw/0/qagroup6/frutam1new/.gradle/caches/7.5.1/fileHashes/fileHashes.bin)
2022-09-05T12:42:39.926+0200 [DEBUG] [org.gradle.cache.internal.btree.BTreePersistentIndexedCache] Closing cache resourceHashesCache.bin (/Users/bcsoft/builds/s43SNqVw/0/qagroup6/frutam1new/.gradle/caches/7.5.1/fileHashes/resourceHashesCache.bin)
2022-09-05T12:42:39.927+0200 [DEBUG] [org.gradle.cache.internal.DefaultFileLockManager] Releasing lock on file hash cache (/Users/bcsoft/builds/s43SNqVw/0/qagroup6/frutam1new/.gradle/caches/7.5.1/fileHashes).
2022-09-05T12:42:39.929+0200 [DEBUG] [org.gradle.cache.internal.LockOnDemandCrossProcessCacheAccess] Releasing file lock for execution history cache (/Users/bcsoft/builds/s43SNqVw/0/qagroup6/frutam1new/.gradle/caches/7.5.1/executionHistory)
2022-09-05T12:42:39.929+0200 [DEBUG] [org.gradle.cache.internal.DefaultFileLockManager] Releasing lock on execution history cache (/Users/bcsoft/builds/s43SNqVw/0/qagroup6/frutam1new/.gradle/caches/7.5.1/executionHistory).
2022-09-05T12:42:39.931+0200 [DEBUG] [org.gradle.cache.internal.LockOnDemandCrossProcessCacheAccess] Releasing file lock for Java compile cache (/Users/bcsoft/builds/s43SNqVw/0/qagroup6/frutam1new/.gradle/caches/7.5.1/javaCompile)
2022-09-05T12:42:39.931+0200 [DEBUG] [org.gradle.cache.internal.btree.BTreePersistentIndexedCache] Closing cache jarAnalysis.bin (/Users/bcsoft/builds/s43SNqVw/0/qagroup6/frutam1new/.gradle/caches/7.5.1/javaCompile/jarAnalysis.bin)
2022-09-05T12:42:39.932+0200 [DEBUG] [org.gradle.cache.internal.btree.BTreePersistentIndexedCache] Closing cache classAnalysis.bin (/Users/bcsoft/builds/s43SNqVw/0/qagroup6/frutam1new/.gradle/caches/7.5.1/javaCompile/classAnalysis.bin)
2022-09-05T12:42:39.933+0200 [DEBUG] [org.gradle.cache.internal.DefaultFileLockManager] Releasing lock on Java compile cache (/Users/bcsoft/builds/s43SNqVw/0/qagroup6/frutam1new/.gradle/caches/7.5.1/javaCompile).
Daemon vm is shutting down... The daemon has exited normally or was terminated in response to a user interrupt.
2022-09-05T12:42:39.938+0200 [DEBUG] [org.gradle.launcher.daemon.registry.PersistentDaemonRegistry] Removing daemon address: [f8db5778-f49f-4731-bf38-bd8248ad576e port:49240, addresses:[localhost/127.0.0.1]]
2022-09-05T12:42:39.939+0200 [DEBUG] [org.gradle.cache.internal.DefaultFileLockManager] Waiting to acquire exclusive lock on daemon addresses registry.
2022-09-05T12:42:39.940+0200 [DEBUG] [org.gradle.cache.internal.DefaultFileLockManager] Lock acquired on daemon addresses registry.
2022-09-05T12:42:39.941+0200 [DEBUG] [org.gradle.cache.internal.DefaultFileLockManager] Releasing lock on daemon addresses registry.
